build/app/outputs/mapping/release/seeds.txt
io.isko.dailymuslim.MainActivity: MainActivity()
io.isko.dailymuslim.MainActivity
...
com.google.firebase.firestore.proto.UnknownDocument: java.lang.String name_
com.google.firestore.v1.WriteRequest: com.google.protobuf.Parser PARSER
com.dexterous.flutterlocalnotifications.models.NotificationChannelDetails: NotificationChannelDetails()
kotlin.coroutines.jvm.internal.BaseContinuationImpl: BaseContinuationImpl(kotlin.coroutines.Continuation)
androidx.window.embedding.SplitPairRule: SplitPairRule(java.util.Set,boolean,boolean,boolean,int,int,float,int)
com.google.android.gms.internal.firebase-auth-api.zzmq: android.os.Parcelable$Creator CREATOR
com.google.android.gms.internal.firebase-auth-api.zznu: android.os.Parcelable$Creator CREATOR
androidx.media.AudioAttributesImplBase: AudioAttributesImplBase()
androidx.window.layout.SidecarCompat$DistinctSidecarElementCallback: androidx.window.sidecar.SidecarInterface$SidecarCallback callbackInterface
androidx.window.layout.WindowLayoutInfo: java.util.List getDisplayFeatures()
androidx.window.embedding.ActivityFilter: boolean matchesIntent(android.content.Intent)
com.dexterous.flutterlocalnotifications.models.NotificationChannelDetails: com.dexterous.flutterlocalnotifications.models.NotificationChannelDetails from(java.util.Map)
com.dexterous.flutterlocalnotifications.models.NotificationDetails: java.lang.String LINES
androidx.window.R$styleable: int SplitPairRule_splitMinWidth
androidx.window.embedding.EmbeddingAdapter: java.util.function.Predicate translateIntentPredicates(java.util.Set)
com.dexterous.flutterlocalnotifications.FlutterLocalNotificationsPlugin: java.lang.String GET_NOTIFICATION_CHANNELS_METHOD
com.dexterous.flutterlocalnotifications.models.styles.BigTextStyleInformation: java.lang.Boolean htmlFormatSummaryText
com.google.android.gms.internal.measurement.zzfu
com.google.android.gms.location.LocationRequest: android.os.Parcelable$Creator CREATOR
com.google.android.gms.internal.firebase-auth-api.zzfu: com.google.android.gms.internal.firebase-auth-api.zzyu zzf
org.threeten.bp.chrono.ThaiBuddhistDate
com.dexterous.flutterlocalnotifications.models.NotificationDetails: java.lang.String MATCH_DATE_TIME_COMPONENTS
io.flutter.embedding.engine.FlutterJNI: boolean nativeFlutterTextUtilsIsEmojiModifier(int)
android.support.v4.media.session.MediaSessionCompat$ResultReceiverWrapper: android.os.Parcelable$Creator CREATOR
androidx.window.layout.WindowInfoTrackerImpl: androidx.window.layout.WindowBackend windowBackend
android.support.v4.media.MediaBrowserCompat$MediaItem
com.google.android.gms.internal.measurement.zzfu: com.google.android.gms.internal.measurement.zzfi zzh
com.dexterous.flutterlocalnotifications.models.SoundSource: com.dexterous.flutterlocalnotifications.models.SoundSource Uri
org.threeten.bp.zone.Ser: java.lang.Object readResolve()
com.google.firestore.v1.BatchGetDocumentsResponse: int TRANSACTION_FIELD_NUMBER
com.google.firestore.v1.Target: int ONCE_FIELD_NUMBER
com.google.android.gms.internal.measurement.zzjx: com.google.android.gms.internal.measurement.zzmc zzc
com.google.firestore.v1.StructuredQuery$CompositeFilter: com.google.protobuf.Internal$ProtobufList filters_
kotlin.jvm.internal.CallableReference: kotlin.reflect.KDeclarationContainer getOwner()
com.google.android.gms.internal.measurement.zzfq: com.google.android.gms.internal.measurement.zzfq zza
androidx.window.embedding.EmbeddingCompat: androidx.window.embedding.EmbeddingCompat$Companion Companion
io.flutter.plugins.GeneratedPluginRegistrant: java.lang.String TAG
io.flutter.embedding.engine.renderer.SurfaceTextureWrapper: void attachToGLContext(int)
io.flutter.embedding.engine.FlutterJNI: void setDeferredComponentManager(io.flutter.embedding.engine.deferredcomponents.DeferredComponentManager)
androidx.window.layout.HardwareFoldingFeature: boolean equals(java.lang.Object)
com.google.firebase.firestore.proto.MaybeDocument
kotlinx.coroutines.internal.LockFreeLinkedListHead
com.google.android.gms.internal.firebase-auth-api.zznc: android.os.Parcelable$Creator CREATOR