build/app/outputs/mapping/release/mapping.txt
# compiler: R8
# compiler_version: 2.1.62
# min_api: 29
# pg_map_id: 16846c5
# common_typos_disable
...
kotlinx.coroutines.android.HandlerDispatcherKt -> kotlinx.coroutines.android.c:
    1:1:boolean kotlin.Result.isFailure-impl(java.lang.Object):0:0 -> <clinit>
    1:1:void <clinit>():0 -> <clinit>
    2:2:void <clinit>():0:0 -> <clinit>
    android.os.Handler asHandler(android.os.Looper,boolean) -> a
kotlinx.coroutines.channels.AbstractChannel -> kotlinx.coroutines.C0.e:
    int $r8$clinit -> c
    kotlinx.coroutines.channels.ReceiveOrClosed takeFirstReceiveOrPeekClosed() -> h
    boolean enqueueReceiveInternal(kotlinx.coroutines.channels.Receive) -> j
    boolean isBufferAlwaysEmpty() -> k
    boolean isBufferEmpty() -> l
    kotlinx.coroutines.channels.ChannelIterator iterator() -> m
    java.lang.Object pollInternal() -> n
kotlinx.coroutines.channels.AbstractChannel$Itr -> kotlinx.coroutines.C0.a:
    java.lang.Object result -> b
    kotlinx.coroutines.channels.AbstractChannel channel -> a
    1:1:java.lang.Object getResult():0:0 -> a
    1:1:java.lang.Object hasNext(kotlin.coroutines.Continuation):0 -> a
    2:2:boolean hasNextResult(java.lang.Object):0:0 -> a
    2:2:java.lang.Object hasNext(kotlin.coroutines.Continuation):0 -> a
    3:3:java.lang.Boolean kotlin.coroutines.jvm.internal.Boxing.boxBoolean(boolean):0:0 -> a
    3:3:java.lang.Object hasNext(kotlin.coroutines.Continuation):0 -> a
    4:4:java.lang.Object hasNext(kotlin.coroutines.Continuation):0:0 -> a
    5:5:void setResult(java.lang.Object):0:0 -> a
    5:5:java.lang.Object hasNext(kotlin.coroutines.Continuation):0 -> a
    6:6:boolean hasNextResult(java.lang.Object):0:0 -> a
    6:6:java.lang.Object hasNext(kotlin.coroutines.Continuation):0 -> a
    7:7:java.lang.Boolean kotlin.coroutines.jvm.internal.Boxing.boxBoolean(boolean):0:0 -> a
    7:7:java.lang.Object hasNext(kotlin.coroutines.Continuation):0 -> a
    8:8:java.lang.Object hasNextSuspend(kotlin.coroutines.Continuation):0:0 -> a
    8:8:java.lang.Object hasNext(kotlin.coroutines.Continuation):0 -> a
    9:9:kotlinx.coroutines.CancellableContinuationImpl kotlinx.coroutines.CancellableContinuationKt.getOrCreateCancellableContinuation(kotlin.coroutines.Continuation):0:0 -> a
    9:9:java.lang.Object hasNextSuspend(kotlin.coroutines.Continuation):0 -> a
kotlinx.coroutines.channels.AbstractChannel$ReceiveHasNext -> kotlinx.coroutines.C0.b:
    kotlinx.coroutines.CancellableContinuation cont -> r
    kotlinx.coroutines.channels.AbstractChannel$Itr iterator -> q
    1:1:kotlin.jvm.functions.Function1 resumeOnCancellationFun(java.lang.Object):0:0 -> c
    1:1:kotlinx.coroutines.internal.Symbol tryResumeReceive(java.lang.Object,kotlinx.coroutines.internal.LockFreeLinkedListNode$PrepareOp):0 -> c
    2:2:kotlinx.coroutines.internal.Symbol tryResumeReceive(java.lang.Object,kotlinx.coroutines.internal.LockFreeLinkedListNode$PrepareOp):0:0 -> c
    void completeResumeReceive(java.lang.Object) -> f
    1:1:java.lang.Object kotlinx.coroutines.CancellableContinuation$DefaultImpls.tryResume$default(kotlinx.coroutines.CancellableContinuation,java.lang.Object,java.lang.Object,int,java.lang.Object):0:0 -> w
    1:1:void resumeReceiveClosed(kotlinx.coroutines.channels.Closed):0 -> w
    2:2:void resumeReceiveClosed(kotlinx.coroutines.channels.Closed):0:0 -> w
kotlinx.coroutines.channels.AbstractChannel$RemoveReceiveOnCancel -> kotlinx.coroutines.C0.c:
    kotlinx.coroutines.channels.AbstractChannel this$0 -> o
    kotlinx.coroutines.channels.Receive receive -> n
    1:1:void kotlinx.coroutines.channels.AbstractChannel.onReceiveDequeued():0:0 -> a
    1:1:void invoke(java.lang.Throwable):0 -> a
    1:1:void invoke(java.lang.Throwable):0:0 -> invoke
    1:1:java.lang.Object invoke(java.lang.Object):0 -> invoke
    2:2:void kotlinx.coroutines.channels.AbstractChannel.onReceiveDequeued():0:0 -> invoke
    2:2:void invoke(java.lang.Throwable):0 -> invoke
    2:2:java.lang.Object invoke(java.lang.Object):0 -> invoke
    3:3:java.lang.Object invoke(java.lang.Object):0:0 -> invoke