build/app/outputs/mapping/release/usage.txt
io.isko.dailymuslim.R$xml
io.isko.dailymuslim.R$mipmap
io.isko.dailymuslim.R$style
io.isko.dailymuslim.R$integer
io.isko.dailymuslim.R$id
io.isko.dailymuslim.R$attr
io.isko.dailymuslim.R$color
io.isko.dailymuslim.R$layout
io.isko.dailymuslim.R$string
io.isko.dailymuslim.R
io.isko.dailymuslim.BuildConfig
io.isko.dailymuslim.R$styleable
io.isko.dailymuslim.R$drawable
io.isko.dailymuslim.R$dimen
...
com.google.android.gms.internal.firebase-auth-api.zzux:
    static synthetic void zzk(com.google.android.gms.internal.firebase-auth-api.zzux,com.google.android.gms.common.api.Status)
    protected java.lang.String zzn
    protected java.lang.String zzo
    com.google.android.gms.common.api.Status zzu
com.google.android.gms.internal.measurement.zzmn
org.threeten.bp.temporal.TemporalQueries$6
com.google.protobuf.InvalidProtocolBufferException:
    static com.google.protobuf.InvalidProtocolBufferException recursionLimitExceeded()
    static com.google.protobuf.InvalidProtocolBufferException sizeLimitExceeded()
android.support.v4.os.ResultReceiver$MyRunnable
io.grpc.internal.ManagedChannelImpl$ResolutionState:
    private static final synthetic io.grpc.internal.ManagedChannelImpl$ResolutionState[] $VALUES
io.grpc.internal.ForwardingNameResolver
io.grpc.okhttp.internal.OptionalMethod:
    public varargs java.lang.Object invokeOptional(java.lang.Object,java.lang.Object[])
io.flutter.view.AccessibilityBridge$SemanticsNode:
    private static boolean nullableHasAncestor(io.flutter.view.AccessibilityBridge$SemanticsNode,io.flutter.util.Predicate)
    private io.flutter.view.AccessibilityBridge$SemanticsNode getAncestor(io.flutter.util.Predicate)
    private boolean hasAction(io.flutter.view.AccessibilityBridge$Action)
    private boolean hadAction(io.flutter.view.AccessibilityBridge$Action)
    private boolean hadFlag(io.flutter.view.AccessibilityBridge$Flag)
    private boolean didScroll()
    private boolean didChangeLabel()
    private void updateWith(java.nio.ByteBuffer,java.lang.String[],java.nio.ByteBuffer[])
    private void ensureInverseTransform()
    private android.graphics.Rect getGlobalRect()
    private float min(float,float,float,float)
    private float max(float,float,float,float)
    private java.lang.CharSequence getValueLabelHint()
    private io.flutter.view.AccessibilityBridge$TextDirection textDirection
    private float previousScrollExtentMax
    private float previousScrollExtentMin
com.google.android.gms.internal.measurement.zzkh:
    static com.google.android.gms.internal.measurement.zzkg zza()
    static com.google.android.gms.internal.measurement.zzkh zzb()
com.google.firebase.firestore.OnProgressListener
androidx.core.os.ExecutorCompat
androidx.fragment.app.FragmentActivity:
    private void markFragmentsCreated()
    final android.view.View dispatchFragmentsOnCreateView(android.view.View,java.lang.String,android.content.Context,android.util.AttributeSet)
    protected void onResumeFragments()
    protected boolean onPrepareOptionsPanel(android.view.View,android.view.Menu)
    public void supportInvalidateOptionsMenu()
    public androidx.loader.app.LoaderManager getSupportLoaderManager()
    boolean mRequestedPermissionsFromFragment
    boolean mStartedIntentSenderFromFragment
com.google.firebase.firestore.local.LocalViewChanges:
    public static com.google.firebase.firestore.local.LocalViewChanges fromViewSnapshot(int,com.google.firebase.firestore.core.ViewSnapshot)
androidx.core.app.NotificationManagerCompat$SideChannelManager:
    private void handleQueueTask(androidx.core.app.NotificationManagerCompat$Task)
    private void handleServiceConnected(android.content.ComponentName,android.os.IBinder)
    private void handleServiceDisconnected(android.content.ComponentName)
    private void handleRetryListenerQueue(android.content.ComponentName)
    private void updateListenerMap()
    private boolean ensureServiceBound(androidx.core.app.NotificationManagerCompat$SideChannelManager$ListenerRecord)
    private void ensureServiceUnbound(androidx.core.app.NotificationManagerCompat$SideChannelManager$ListenerRecord)
com.google.common.collect.Ordering